[0110/103616.479:WARNING:spdy_session.cc(3431)] Received HEADERS for invalid stream 11
[0110/103730.859:WARNING:spdy_session.cc(3431)] Received HEADERS for invalid stream 21
[0110/103802.742:ERROR:gpu_init.cc(426)] Passthrough is not supported, GL is disabled
[0110/104021.351:WARNING:spdy_session.cc(3431)] Received HEADERS for invalid stream 59
[0110/104021.352:WARNING:spdy_session.cc(3431)] Received HEADERS for invalid stream 61
[0110/104027.336:WARNING:spdy_session.cc(3431)] Received HEADERS for invalid stream 63
[0110/104027.336:WARNING:spdy_session.cc(3431)] Received HEADERS for invalid stream 65
[0110/104027.336:WARNING:spdy_session.cc(3431)] Received HEADERS for invalid stream 67
[0110/104027.336:WARNING:spdy_session.cc(3431)] Received HEADERS for invalid stream 69
[0110/104032.707:WARNING:spdy_session.cc(3431)] Received HEADERS for invalid stream 71
[0110/104032.707:WARNING:spdy_session.cc(3431)] Received HEADERS for invalid stream 73
[0110/104038.159:WARNING:spdy_session.cc(3431)] Received HEADERS for invalid stream 75
[0110/104038.159:WARNING:spdy_session.cc(3431)] Received HEADERS for invalid stream 77
[0110/104053.551:WARNING:spdy_session.cc(3431)] Received HEADERS for invalid stream 81
[0110/104055.067:WARNING:spdy_session.cc(3431)] Received HEADERS for invalid stream 83
[0110/104330.755:ERROR:cache_util_win.cc(20)] Unable to move the cache: æ◊ººΩ∫∞° ∞≈∫Œµ«æ˙Ω¿¥œ¥Ÿ. (0x5)
[0110/104330.756:ERROR:cache_util.cc(144)] Unable to move cache folder C:/Users/KNU/Desktop/Ïñ∏Î¶¨Ïñº/ÌîÑÎ°úÏ†ùÌä∏/Í∏∞Î≥∏1/Saved/webcache_4430\Cache to C:/Users/KNU/Desktop/Ïñ∏Î¶¨Ïñº/ÌîÑÎ°úÏ†ùÌä∏/Í∏∞Î≥∏1/Saved/webcache_4430\old_Cache_000
[0110/104330.756:ERROR:disk_cache.cc(184)] Unable to create cache
[0110/104412.943:WARNING:value_store_frontend.cc(45)] Reading mhjfbmdgcfjbbpaeojofohoefgiehjai.alarms from  failed: IO error: .../LOCK: File currently in use. (ChromeMethodBFE: 15::LockFile::2)
[0110/104530.136:ERROR:gpu_init.cc(426)] Passthrough is not supported, GL is disabled
[0110/180007.200:WARNING:gpu_process_host.cc(1296)] The GPU process has crashed 1 time(s)
