[+] Containers:
 |- [+] Container: /Game/ThirdPerson/Maps/ThirdPersonMap
 |   |- [+] ActorDescs:
 |   |   |- Guid:0B75658F41E6697EDBC87CB3ECCC64DC BaseClass: NativeClass:/Script/Engine.StaticMeshActor Name:StaticMeshActor_UAID_D85ED3D66748765B01_1835752038 Label:S_Mossy_Mounds_tk4tcfhfa_lod5 SpatiallyLoaded:1 Bounds:IsValid=true, Min=(X=2969.519 Y=1278.942 Z=-640.793), Max=(X=3666.743 Y=1617.229 Z=-614.737) RuntimeGrid:None EditorOnly:0 RuntimeOnly:0 HLODRelevant:1
 |   |   |- Guid:1EBDD6C9445AF29B0FC5308FDA13E59D BaseClass: NativeClass:/Script/Engine.StaticMeshActor Name:StaticMeshActor_UAID_D85ED3D66748765B01_1841595043 Label:S_Mossy_Mounds_tk4tcfhfa_lod10 SpatiallyLoaded:1 Bounds:IsValid=true, Min=(X=2969.519 Y=1958.942 Z=-640.793), Max=(X=3666.743 Y=2297.229 Z=-614.737) RuntimeGrid:None EditorOnly:0 RuntimeOnly:0 HLODRelevant:1
 |   |   |- Guid:2A61447D4EBEE9A35C37E794E9714248 BaseClass: NativeClass:/Script/Engine.StaticMeshActor Name:StaticMeshActor_UAID_D85ED3D66748765B01_1841595042 Label:S_Mossy_Mounds_tk4tcfhfa_lod9 SpatiallyLoaded:1 Bounds:IsValid=true, Min=(X=2969.519 Y=1658.942 Z=-640.793), Max=(X=3666.743 Y=1997.229 Z=-614.737) RuntimeGrid:None EditorOnly:0 RuntimeOnly:0 HLODRelevant:1
 |   |   |- Guid:3386EE174F74CF2B67A9B0AEC4FFA455 BaseClass: NativeClass:/Script/Engine.ExponentialHeightFog Name:ExponentialHeightFog_UAID_D85ED3D66748755B01_1321158854 Label:ExponentialHeightFog SpatiallyLoaded:0 Bounds:IsValid=true, Min=(X=0.000 Y=0.000 Z=-460.000), Max=(X=0.000 Y=0.000 Z=-460.000) RuntimeGrid:None EditorOnly:0 RuntimeOnly:0 HLODRelevant:0 FolderPath:Lighting FolderGuid:963EC3EB4002CCE9759E2EBA541A873A
 |   |   |- Guid:3B791A364DFBCD934D615E930149E5AE BaseClass: NativeClass:/Script/Engine.SkyLight Name:SkyLight_UAID_D85ED3D66748735B01_2119989500 Label:SkyLight SpatiallyLoaded:0 Bounds:IsValid=true, Min=(X=0.000 Y=0.000 Z=890.000), Max=(X=0.000 Y=0.000 Z=890.000) RuntimeGrid:None EditorOnly:0 RuntimeOnly:0 HLODRelevant:0 FolderPath:Lighting FolderGuid:963EC3EB4002CCE9759E2EBA541A873A
 |   |   |- Guid:5251B862453F446B97EC91B762A69F42 BaseClass: NativeClass:/Script/Foliage.InstancedFoliageActor Name:InstancedFoliageActor_25600_-1_0_0 Label:InstancedFoliageActor_-1_0_0 SpatiallyLoaded:1 Bounds:IsValid=true, Min=(X=-25600.000 Y=0.000 Z=0.000), Max=(X=0.000 Y=25600.000 Z=25600.000) RuntimeGrid:None EditorOnly:0 RuntimeOnly:0 HLODRelevant:0
 |   |   |- Guid:5B97F4A64FB21F77EFC44386BF705B4C BaseClass: NativeClass:/Script/Engine.TextRenderActor Name:TextRenderActor_1 Label:TextRenderActor SpatiallyLoaded:1 Bounds:IsValid=true, Min=(X=-0.100 Y=1100.000 Z=65.013), Max=(X=-0.100 Y=2392.308 Z=215.013) RuntimeGrid:None EditorOnly:0 RuntimeOnly:0 HLODRelevant:0
 |   |   |- Guid:5BB2C8DB4FA4F0AD721B6EB0117E87F6 BaseClass: NativeClass:/Script/Engine.StaticMeshActor Name:StaticMeshActor_UAID_D85ED3D66748765B01_1829427037 Label:S_Mossy_Mounds_tk4tcfhfa_lod4 SpatiallyLoaded:1 Bounds:IsValid=true, Min=(X=2439.519 Y=1578.942 Z=-640.793), Max=(X=3136.743 Y=1917.229 Z=-614.737) RuntimeGrid:None EditorOnly:0 RuntimeOnly:0 HLODRelevant:1
 |   |   |- Guid:5FD786ED4BC119C84A1FB1BEC7FAF4D3 BaseClass: NativeClass:/Script/Engine.StaticMeshActor Name:StaticMeshActor_UAID_D85ED3D66748765B01_1841593040 Label:S_Mossy_Mounds_tk4tcfhfa_lod7 SpatiallyLoaded:1 Bounds:IsValid=true, Min=(X=2439.519 Y=1658.942 Z=-640.793), Max=(X=3136.743 Y=1997.229 Z=-614.737) RuntimeGrid:None EditorOnly:0 RuntimeOnly:0 HLODRelevant:1
 |   |   |- Guid:6208FC2944206F5EB24F3CB35D023D3F BaseClass: NativeClass:/Script/Engine.StaticMeshActor Name:StaticMeshActor_UAID_D85ED3D66748765B01_1858359044 Label:S_Rock_pfxtM_lod3 SpatiallyLoaded:1 Bounds:IsValid=true, Min=(X=2629.946 Y=2249.690 Z=-650.245), Max=(X=2687.585 Y=2290.277 Z=-617.714) RuntimeGrid:None EditorOnly:0 RuntimeOnly:0 HLODRelevant:1
 |   |   |- Guid:6BAF4DDD444C60371492D3919DB42C97 BaseClass: NativeClass:/Script/Engine.WorldDataLayers Name:WorldDataLayers Label:WorldDataLayers SpatiallyLoaded:0 Bounds:IsValid=true, Min=(X=0.000 Y=0.000 Z=0.000), Max=(X=0.000 Y=0.000 Z=0.000) RuntimeGrid:None EditorOnly:0 RuntimeOnly:0 HLODRelevant:0
 |   |   |- Guid:6CB3CA034CB035464A8743BF03A32AC5 BaseClass: NativeClass:/Script/Foliage.InstancedFoliageActor Name:InstancedFoliageActor_25600_-1_0_-1 Label:InstancedFoliageActor_-1_0_-1 SpatiallyLoaded:1 Bounds:IsValid=true, Min=(X=-25600.000 Y=0.000 Z=-25600.000), Max=(X=0.000 Y=25600.000 Z=0.000) RuntimeGrid:None EditorOnly:0 RuntimeOnly:0 HLODRelevant:0
 |   |   |- Guid:710A5BFE4B04D360504C0097EA87F3E1 BaseClass: NativeClass:/Script/Engine.DirectionalLight Name:DirectionalLight_UAID_D85ED3D66748735B01_1600972497 Label:DirectionalLight SpatiallyLoaded:0 Bounds:IsValid=true, Min=(X=-4398046511104.000 Y=-4398046511104.000 Z=-4398046511104.000), Max=(X=4398046511104.000 Y=4398046511104.000 Z=4398046511104.000) RuntimeGrid:None EditorOnly:0 RuntimeOnly:0 HLODRelevant:0 FolderPath:Lighting FolderGuid:963EC3EB4002CCE9759E2EBA541A873A
 |   |   |- Guid:72C9515649AFE2B5C26E92A675ED6251 BaseClass: NativeClass:/Script/Foliage.InstancedFoliageActor Name:InstancedFoliageActor_25600_0_0_-1 Label:InstancedFoliageActor_0_0_-1 SpatiallyLoaded:1 Bounds:IsValid=true, Min=(X=0.000 Y=0.000 Z=-25600.000), Max=(X=25600.000 Y=25600.000 Z=0.000) RuntimeGrid:None EditorOnly:0 RuntimeOnly:0 HLODRelevant:0
 |   |   |- Guid:7550C8234FB2A50306598B8994376FA5 BaseClass: NativeClass:/Script/Engine.SkyAtmosphere Name:SkyAtmosphere_UAID_D85ED3D66748735B01_1893818499 Label:SkyAtmosphere SpatiallyLoaded:0 Bounds:IsValid=true, Min=(X=0.000 Y=0.000 Z=350.000), Max=(X=0.000 Y=0.000 Z=350.000) RuntimeGrid:None EditorOnly:0 RuntimeOnly:0 HLODRelevant:0 FolderPath:Lighting FolderGuid:963EC3EB4002CCE9759E2EBA541A873A
 |   |   |- Guid:7A42446A418E6131B8C02B9FD3D0020F BaseClass: NativeClass:/Script/Engine.PlayerStart Name:PlayerStart_UAID_D85ED3D66748765B01_1703747036 Label:PlayerStart SpatiallyLoaded:0 Bounds:IsValid=true, Min=(X=1340.000 Y=2060.000 Z=-640.000), Max=(X=1420.000 Y=2140.000 Z=-456.000) RuntimeGrid:None EditorOnly:0 RuntimeOnly:0 HLODRelevant:0
 |   |   |- Guid:A29D95664754CC8C89CF1C821F6981FE BaseClass: NativeClass:/Script/Engine.StaticMeshActor Name:StaticMeshActor_UAID_D85ED3D66748765B01_1285019031 Label:S_Mossy_Mounds_tk4tcfhfa_lod3 SpatiallyLoaded:1 Bounds:IsValid=true, Min=(X=2439.519 Y=1278.942 Z=-640.793), Max=(X=3136.743 Y=1617.229 Z=-614.737) RuntimeGrid:None EditorOnly:0 RuntimeOnly:0 HLODRelevant:1
 |   |   |- Guid:B2A925924FE140E71D5DDD9A613F9918 BaseClass: NativeClass:/Script/Engine.StaticMeshActor Name:StaticMeshActor_UAID_D85ED3D66748765B01_1841594041 Label:S_Mossy_Mounds_tk4tcfhfa_lod8 SpatiallyLoaded:1 Bounds:IsValid=true, Min=(X=2439.519 Y=1958.942 Z=-640.793), Max=(X=3136.743 Y=2297.229 Z=-614.737) RuntimeGrid:None EditorOnly:0 RuntimeOnly:0 HLODRelevant:1
 |   |   |- Guid:C3E8EAAC46DD8B02838F4F96A635454B BaseClass: NativeClass:/Script/Engine.StaticMeshActor Name:StaticMeshActor_UAID_D85ED3D66748765B01_1835753039 Label:S_Mossy_Mounds_tk4tcfhfa_lod6 SpatiallyLoaded:1 Bounds:IsValid=true, Min=(X=2969.519 Y=1578.942 Z=-640.793), Max=(X=3666.743 Y=1917.229 Z=-614.737) RuntimeGrid:None EditorOnly:0 RuntimeOnly:0 HLODRelevant:1
 |   |   |- Guid:C93C3AD247D56E491D2A7DA77AFC0744 BaseClass: NativeClass:/Script/Engine.VolumetricCloud Name:VolumetricCloud_UAID_D85ED3D66748775B01_1323045199 Label:VolumetricCloud SpatiallyLoaded:0 Bounds:IsValid=true, Min=(X=0.000 Y=0.000 Z=-260.000), Max=(X=0.000 Y=0.000 Z=-260.000) RuntimeGrid:None EditorOnly:0 RuntimeOnly:0 HLODRelevant:0 FolderPath:Lighting FolderGuid:963EC3EB4002CCE9759E2EBA541A873A
 |   |   |- Guid:D189DA964244246A1466578BBBB49D18 BaseClass: NativeClass:/Script/Foliage.InstancedFoliageActor Name:InstancedFoliageActor_UAID_D85ED3D66748355B01_1501487585 Label:InstancedFoliageActor SpatiallyLoaded:1 Bounds:IsValid=true, Min=(X=-0.500 Y=-0.500 Z=-0.500), Max=(X=0.500 Y=0.500 Z=0.500) RuntimeGrid:None EditorOnly:0 RuntimeOnly:0 HLODRelevant:0
 |   |   |- Guid:DAB6B4A74C7D5942D8449FA6D4897619 BaseClass: NativeClass:/Script/Foliage.InstancedFoliageActor Name:InstancedFoliageActor_25600_0_-1_-1 Label:InstancedFoliageActor_0_-1_-1 SpatiallyLoaded:1 Bounds:IsValid=true, Min=(X=0.000 Y=-25600.000 Z=-25600.000), Max=(X=25600.000 Y=0.000 Z=0.000) RuntimeGrid:None EditorOnly:0 RuntimeOnly:0 HLODRelevant:0
 |   |   |- Guid:E03E2D4C4CB76219AB47E2B5709A4528 BaseClass: NativeClass:/Script/Foliage.InstancedFoliageActor Name:InstancedFoliageActor_25600_-1_-1_-1 Label:InstancedFoliageActor_-1_-1_-1 SpatiallyLoaded:1 Bounds:IsValid=true, Min=(X=-25600.000 Y=-25600.000 Z=-25600.000), Max=(X=0.000 Y=0.000 Z=0.000) RuntimeGrid:None EditorOnly:0 RuntimeOnly:0 HLODRelevant:0
 |   |   |- Guid:F1924B8D48954B30891B2DB6A694F9CC BaseClass: NativeClass:/Script/Engine.StaticMeshActor Name:StaticMeshActor_1 Label:SM_Cube SpatiallyLoaded:1 Bounds:IsValid=true, Min=(X=0.000 Y=0.000 Z=-690.000), Max=(X=5000.000 Y=5000.000 Z=-640.000) RuntimeGrid:None EditorOnly:0 RuntimeOnly:0 HLODRelevant:1 FolderPath:Playground FolderGuid:C73F09FC4215536B1DCE2A9E0A830C70
 |   |- [+] Clusters:
 |   |   |- [+] [  0]
 |   |   |   |- Guid:6BAF4DDD444C60371492D3919DB42C97 BaseClass: NativeClass:/Script/Engine.WorldDataLayers Name:WorldDataLayers Label:WorldDataLayers SpatiallyLoaded:0 Bounds:IsValid=true, Min=(X=0.000 Y=0.000 Z=0.000), Max=(X=0.000 Y=0.000 Z=0.000) RuntimeGrid:None EditorOnly:0 RuntimeOnly:0 HLODRelevant:0
 |   |   |- [+] [  1]
 |   |   |   |- Guid:E03E2D4C4CB76219AB47E2B5709A4528 BaseClass: NativeClass:/Script/Foliage.InstancedFoliageActor Name:InstancedFoliageActor_25600_-1_-1_-1 Label:InstancedFoliageActor_-1_-1_-1 SpatiallyLoaded:1 Bounds:IsValid=true, Min=(X=-25600.000 Y=-25600.000 Z=-25600.000), Max=(X=0.000 Y=0.000 Z=0.000) RuntimeGrid:None EditorOnly:0 RuntimeOnly:0 HLODRelevant:0
 |   |   |- [+] [  2]
 |   |   |   |- Guid:A29D95664754CC8C89CF1C821F6981FE BaseClass: NativeClass:/Script/Engine.StaticMeshActor Name:StaticMeshActor_UAID_D85ED3D66748765B01_1285019031 Label:S_Mossy_Mounds_tk4tcfhfa_lod3 SpatiallyLoaded:1 Bounds:IsValid=true, Min=(X=2439.519 Y=1278.942 Z=-640.793), Max=(X=3136.743 Y=1617.229 Z=-614.737) RuntimeGrid:None EditorOnly:0 RuntimeOnly:0 HLODRelevant:1
 |   |   |- [+] [  3]
 |   |   |   |- Guid:5B97F4A64FB21F77EFC44386BF705B4C BaseClass: NativeClass:/Script/Engine.TextRenderActor Name:TextRenderActor_1 Label:TextRenderActor SpatiallyLoaded:1 Bounds:IsValid=true, Min=(X=-0.100 Y=1100.000 Z=65.013), Max=(X=-0.100 Y=2392.308 Z=215.013) RuntimeGrid:None EditorOnly:0 RuntimeOnly:0 HLODRelevant:0
 |   |   |- [+] [  4]
 |   |   |   |- Guid:5251B862453F446B97EC91B762A69F42 BaseClass: NativeClass:/Script/Foliage.InstancedFoliageActor Name:InstancedFoliageActor_25600_-1_0_0 Label:InstancedFoliageActor_-1_0_0 SpatiallyLoaded:1 Bounds:IsValid=true, Min=(X=-25600.000 Y=0.000 Z=0.000), Max=(X=0.000 Y=25600.000 Z=25600.000) RuntimeGrid:None EditorOnly:0 RuntimeOnly:0 HLODRelevant:0
 |   |   |- [+] [  5]
 |   |   |   |- Guid:7A42446A418E6131B8C02B9FD3D0020F BaseClass: NativeClass:/Script/Engine.PlayerStart Name:PlayerStart_UAID_D85ED3D66748765B01_1703747036 Label:PlayerStart SpatiallyLoaded:0 Bounds:IsValid=true, Min=(X=1340.000 Y=2060.000 Z=-640.000), Max=(X=1420.000 Y=2140.000 Z=-456.000) RuntimeGrid:None EditorOnly:0 RuntimeOnly:0 HLODRelevant:0
 |   |   |- [+] [  6]
 |   |   |   |- Guid:3B791A364DFBCD934D615E930149E5AE BaseClass: NativeClass:/Script/Engine.SkyLight Name:SkyLight_UAID_D85ED3D66748735B01_2119989500 Label:SkyLight SpatiallyLoaded:0 Bounds:IsValid=true, Min=(X=0.000 Y=0.000 Z=890.000), Max=(X=0.000 Y=0.000 Z=890.000) RuntimeGrid:None EditorOnly:0 RuntimeOnly:0 HLODRelevant:0 FolderPath:Lighting FolderGuid:963EC3EB4002CCE9759E2EBA541A873A
 |   |   |- [+] [  7]
 |   |   |   |- Guid:B2A925924FE140E71D5DDD9A613F9918 BaseClass: NativeClass:/Script/Engine.StaticMeshActor Name:StaticMeshActor_UAID_D85ED3D66748765B01_1841594041 Label:S_Mossy_Mounds_tk4tcfhfa_lod8 SpatiallyLoaded:1 Bounds:IsValid=true, Min=(X=2439.519 Y=1958.942 Z=-640.793), Max=(X=3136.743 Y=2297.229 Z=-614.737) RuntimeGrid:None EditorOnly:0 RuntimeOnly:0 HLODRelevant:1
 |   |   |- [+] [  8]
 |   |   |   |- Guid:3386EE174F74CF2B67A9B0AEC4FFA455 BaseClass: NativeClass:/Script/Engine.ExponentialHeightFog Name:ExponentialHeightFog_UAID_D85ED3D66748755B01_1321158854 Label:ExponentialHeightFog SpatiallyLoaded:0 Bounds:IsValid=true, Min=(X=0.000 Y=0.000 Z=-460.000), Max=(X=0.000 Y=0.000 Z=-460.000) RuntimeGrid:None EditorOnly:0 RuntimeOnly:0 HLODRelevant:0 FolderPath:Lighting FolderGuid:963EC3EB4002CCE9759E2EBA541A873A
 |   |   |- [+] [  9]
 |   |   |   |- Guid:D189DA964244246A1466578BBBB49D18 BaseClass: NativeClass:/Script/Foliage.InstancedFoliageActor Name:InstancedFoliageActor_UAID_D85ED3D66748355B01_1501487585 Label:InstancedFoliageActor SpatiallyLoaded:1 Bounds:IsValid=true, Min=(X=-0.500 Y=-0.500 Z=-0.500), Max=(X=0.500 Y=0.500 Z=0.500) RuntimeGrid:None EditorOnly:0 RuntimeOnly:0 HLODRelevant:0
 |   |   |- [+] [ 10]
 |   |   |   |- Guid:F1924B8D48954B30891B2DB6A694F9CC BaseClass: NativeClass:/Script/Engine.StaticMeshActor Name:StaticMeshActor_1 Label:SM_Cube SpatiallyLoaded:1 Bounds:IsValid=true, Min=(X=0.000 Y=0.000 Z=-690.000), Max=(X=5000.000 Y=5000.000 Z=-640.000) RuntimeGrid:None EditorOnly:0 RuntimeOnly:0 HLODRelevant:1 FolderPath:Playground FolderGuid:C73F09FC4215536B1DCE2A9E0A830C70
 |   |   |- [+] [ 11]
 |   |   |   |- Guid:C3E8EAAC46DD8B02838F4F96A635454B BaseClass: NativeClass:/Script/Engine.StaticMeshActor Name:StaticMeshActor_UAID_D85ED3D66748765B01_1835753039 Label:S_Mossy_Mounds_tk4tcfhfa_lod6 SpatiallyLoaded:1 Bounds:IsValid=true, Min=(X=2969.519 Y=1578.942 Z=-640.793), Max=(X=3666.743 Y=1917.229 Z=-614.737) RuntimeGrid:None EditorOnly:0 RuntimeOnly:0 HLODRelevant:1
 |   |   |- [+] [ 12]
 |   |   |   |- Guid:6CB3CA034CB035464A8743BF03A32AC5 BaseClass: NativeClass:/Script/Foliage.InstancedFoliageActor Name:InstancedFoliageActor_25600_-1_0_-1 Label:InstancedFoliageActor_-1_0_-1 SpatiallyLoaded:1 Bounds:IsValid=true, Min=(X=-25600.000 Y=0.000 Z=-25600.000), Max=(X=0.000 Y=25600.000 Z=0.000) RuntimeGrid:None EditorOnly:0 RuntimeOnly:0 HLODRelevant:0
 |   |   |- [+] [ 13]
 |   |   |   |- Guid:7550C8234FB2A50306598B8994376FA5 BaseClass: NativeClass:/Script/Engine.SkyAtmosphere Name:SkyAtmosphere_UAID_D85ED3D66748735B01_1893818499 Label:SkyAtmosphere SpatiallyLoaded:0 Bounds:IsValid=true, Min=(X=0.000 Y=0.000 Z=350.000), Max=(X=0.000 Y=0.000 Z=350.000) RuntimeGrid:None EditorOnly:0 RuntimeOnly:0 HLODRelevant:0 FolderPath:Lighting FolderGuid:963EC3EB4002CCE9759E2EBA541A873A
 |   |   |- [+] [ 14]
 |   |   |   |- Guid:5BB2C8DB4FA4F0AD721B6EB0117E87F6 BaseClass: NativeClass:/Script/Engine.StaticMeshActor Name:StaticMeshActor_UAID_D85ED3D66748765B01_1829427037 Label:S_Mossy_Mounds_tk4tcfhfa_lod4 SpatiallyLoaded:1 Bounds:IsValid=true, Min=(X=2439.519 Y=1578.942 Z=-640.793), Max=(X=3136.743 Y=1917.229 Z=-614.737) RuntimeGrid:None EditorOnly:0 RuntimeOnly:0 HLODRelevant:1
 |   |   |- [+] [ 15]
 |   |   |   |- Guid:5FD786ED4BC119C84A1FB1BEC7FAF4D3 BaseClass: NativeClass:/Script/Engine.StaticMeshActor Name:StaticMeshActor_UAID_D85ED3D66748765B01_1841593040 Label:S_Mossy_Mounds_tk4tcfhfa_lod7 SpatiallyLoaded:1 Bounds:IsValid=true, Min=(X=2439.519 Y=1658.942 Z=-640.793), Max=(X=3136.743 Y=1997.229 Z=-614.737) RuntimeGrid:None EditorOnly:0 RuntimeOnly:0 HLODRelevant:1
 |   |   |- [+] [ 16]
 |   |   |   |- Guid:DAB6B4A74C7D5942D8449FA6D4897619 BaseClass: NativeClass:/Script/Foliage.InstancedFoliageActor Name:InstancedFoliageActor_25600_0_-1_-1 Label:InstancedFoliageActor_0_-1_-1 SpatiallyLoaded:1 Bounds:IsValid=true, Min=(X=0.000 Y=-25600.000 Z=-25600.000), Max=(X=25600.000 Y=0.000 Z=0.000) RuntimeGrid:None EditorOnly:0 RuntimeOnly:0 HLODRelevant:0
 |   |   |- [+] [ 17]
 |   |   |   |- Guid:0B75658F41E6697EDBC87CB3ECCC64DC BaseClass: NativeClass:/Script/Engine.StaticMeshActor Name:StaticMeshActor_UAID_D85ED3D66748765B01_1835752038 Label:S_Mossy_Mounds_tk4tcfhfa_lod5 SpatiallyLoaded:1 Bounds:IsValid=true, Min=(X=2969.519 Y=1278.942 Z=-640.793), Max=(X=3666.743 Y=1617.229 Z=-614.737) RuntimeGrid:None EditorOnly:0 RuntimeOnly:0 HLODRelevant:1
 |   |   |- [+] [ 18]
 |   |   |   |- Guid:2A61447D4EBEE9A35C37E794E9714248 BaseClass: NativeClass:/Script/Engine.StaticMeshActor Name:StaticMeshActor_UAID_D85ED3D66748765B01_1841595042 Label:S_Mossy_Mounds_tk4tcfhfa_lod9 SpatiallyLoaded:1 Bounds:IsValid=true, Min=(X=2969.519 Y=1658.942 Z=-640.793), Max=(X=3666.743 Y=1997.229 Z=-614.737) RuntimeGrid:None EditorOnly:0 RuntimeOnly:0 HLODRelevant:1
 |   |   |- [+] [ 19]
 |   |   |   |- Guid:72C9515649AFE2B5C26E92A675ED6251 BaseClass: NativeClass:/Script/Foliage.InstancedFoliageActor Name:InstancedFoliageActor_25600_0_0_-1 Label:InstancedFoliageActor_0_0_-1 SpatiallyLoaded:1 Bounds:IsValid=true, Min=(X=0.000 Y=0.000 Z=-25600.000), Max=(X=25600.000 Y=25600.000 Z=0.000) RuntimeGrid:None EditorOnly:0 RuntimeOnly:0 HLODRelevant:0
 |   |   |- [+] [ 20]
 |   |   |   |- Guid:1EBDD6C9445AF29B0FC5308FDA13E59D BaseClass: NativeClass:/Script/Engine.StaticMeshActor Name:StaticMeshActor_UAID_D85ED3D66748765B01_1841595043 Label:S_Mossy_Mounds_tk4tcfhfa_lod10 SpatiallyLoaded:1 Bounds:IsValid=true, Min=(X=2969.519 Y=1958.942 Z=-640.793), Max=(X=3666.743 Y=2297.229 Z=-614.737) RuntimeGrid:None EditorOnly:0 RuntimeOnly:0 HLODRelevant:1
 |   |   |- [+] [ 21]
 |   |   |   |- Guid:6208FC2944206F5EB24F3CB35D023D3F BaseClass: NativeClass:/Script/Engine.StaticMeshActor Name:StaticMeshActor_UAID_D85ED3D66748765B01_1858359044 Label:S_Rock_pfxtM_lod3 SpatiallyLoaded:1 Bounds:IsValid=true, Min=(X=2629.946 Y=2249.690 Z=-650.245), Max=(X=2687.585 Y=2290.277 Z=-617.714) RuntimeGrid:None EditorOnly:0 RuntimeOnly:0 HLODRelevant:1
 |   |   |- [+] [ 22]
 |   |   |   |- Guid:710A5BFE4B04D360504C0097EA87F3E1 BaseClass: NativeClass:/Script/Engine.DirectionalLight Name:DirectionalLight_UAID_D85ED3D66748735B01_1600972497 Label:DirectionalLight SpatiallyLoaded:0 Bounds:IsValid=true, Min=(X=-4398046511104.000 Y=-4398046511104.000 Z=-4398046511104.000), Max=(X=4398046511104.000 Y=4398046511104.000 Z=4398046511104.000) RuntimeGrid:None EditorOnly:0 RuntimeOnly:0 HLODRelevant:0 FolderPath:Lighting FolderGuid:963EC3EB4002CCE9759E2EBA541A873A
 |   |   |- [+] [ 23]
 |   |   |   |- Guid:C93C3AD247D56E491D2A7DA77AFC0744 BaseClass: NativeClass:/Script/Engine.VolumetricCloud Name:VolumetricCloud_UAID_D85ED3D66748775B01_1323045199 Label:VolumetricCloud SpatiallyLoaded:0 Bounds:IsValid=true, Min=(X=0.000 Y=0.000 Z=-260.000), Max=(X=0.000 Y=0.000 Z=-260.000) RuntimeGrid:None EditorOnly:0 RuntimeOnly:0 HLODRelevant:0 FolderPath:Lighting FolderGuid:963EC3EB4002CCE9759E2EBA541A873A
 |- ContainerInstances:
 |- [+] MainContainer:
 |   |-        ID: 0x0000000000000000
 |   |-    Bounds: IsValid=false, Min=(X=0.000 Y=0.000 Z=0.000), Max=(X=0.000 Y=0.000 Z=0.000)
 |   |- Transform: 0.000000,0.000000,0.000000|0.000000,0.000000,-0.000000|1.000000,1.000000,1.000000
 |   |- Container: /Game/ThirdPerson/Maps/ThirdPersonMap
----------------------------------------------------------------------------------------------------------------
ThirdPersonMap - Persistent Level
----------------------------------------------------------------------------------------------------------------
Always loaded Actor Count: 31 

----------------------------------------------------------------------------------------------------------------
ThirdPersonMap - Runtime Spatial Hash - Streaming Grid - MainGrid
----------------------------------------------------------------------------------------------------------------
            Origin: X=0.000 Y=0.000 Z=0.000
         Cell Size: 12800
      World Bounds: IsValid=false, Min=(X=0.000 Y=0.000 Z=0.000), Max=(X=0.000 Y=0.000 Z=0.000)
     Loading Range: 25600.00
Block Slow Loading: No
 ClientOnlyVisible: No

[+] Grid Levels: 1
 |- Level  0: Cell Count    0 | Cell Size   12800 | Actor Count    0 (0.0%)

[+] Content of Grid Level 0

